# JRE version: Java(TM) SE Runtime Environment (17.0.10+11) (build 17.0.10+11-LTS-240)
# Java VM: Java HotSpot(TM) 64-Bit Server VM (17.0.10+11-LTS-240, mixed mode, sharing, tiered, compressed oops, compressed class ptrs, g1 gc, windows-amd64)
GC Precious Log:
 CPUs: 8 total, 8 available
 Memory: 7930M
 Large Page Support: Disabled
 NUMA Support: Disabled
 Compressed Oops: Enabled (32-bit)
 Heap Region Size: 1M
 Heap Min Capacity: 8M
 Heap Initial Capacity: 124M
 Heap Max Capacity: 1984M
 Pre-touch: Disabled
 Parallel Workers: 8
 Concurrent Workers: 2
 Concurrent Refinement Workers: 8
 Periodic GC: Disabled
Heap:
 garbage-first heap   total 66560K, used 37190K [0x0000000084000000, 0x0000000100000000)
  region size 1024K, 10 young (10240K), 1 survivors (1024K)
 Metaspace       used 73066K, committed 73728K, reserved 1114112K
  class space    used 9773K, committed 10112K, reserved 1048576K
GC Heap History (20 events):
Event: 13.323 GC heap before
{Heap before GC invocations=15 (full 0):
 garbage-first heap   total 66560K, used 50933K [0x0000000084000000, 0x0000000100000000)
  region size 1024K, 28 young (28672K), 2 survivors (2048K)
 Metaspace       used 62037K, committed 62528K, reserved 1114112K
  class space    used 8421K, committed 8640K, reserved 1048576K
}
Event: 13.327 GC heap after
{Heap after GC invocations=16 (full 0):
 garbage-first heap   total 66560K, used 27499K [0x0000000084000000, 0x0000000100000000)
  region size 1024K, 4 young (4096K), 4 survivors (4096K)
 Metaspace       used 62037K, committed 62528K, reserved 1114112K
  class space    used 8421K, committed 8640K, reserved 1048576K
}
Event: 14.173 GC heap before
{Heap before GC invocations=16 (full 0):
 garbage-first heap   total 66560K, used 52075K [0x0000000084000000, 0x0000000100000000)
  region size 1024K, 28 young (28672K), 4 survivors (4096K)
 Metaspace       used 63704K, committed 64256K, reserved 1114112K
  class space    used 8670K, committed 8896K, reserved 1048576K
}
Event: 14.182 GC heap after
{Heap after GC invocations=17 (full 0):
 garbage-first heap   total 66560K, used 29654K [0x0000000084000000, 0x0000000100000000)
  region size 1024K, 3 young (3072K), 3 survivors (3072K)
 Metaspace       used 63704K, committed 64256K, reserved 1114112K
  class space    used 8670K, committed 8896K, reserved 1048576K
}
Event: 207.086 GC heap before
{Heap before GC invocations=17 (full 0):
 garbage-first heap   total 66560K, used 50134K [0x0000000084000000, 0x0000000100000000)
  region size 1024K, 24 young (24576K), 3 survivors (3072K)
 Metaspace       used 69543K, committed 70144K, reserved 1114112K
  class space    used 9522K, committed 9792K, reserved 1048576K
}
Event: 207.145 GC heap after
{Heap after GC invocations=18 (full 0):
 garbage-first heap   total 66560K, used 31192K [0x0000000084000000, 0x0000000100000000)
  region size 1024K, 2 young (2048K), 2 survivors (2048K)
 Metaspace       used 69543K, committed 70144K, reserved 1114112K
  class space    used 9522K, committed 9792K, reserved 1048576K
}
Event: 778.590 GC heap before
{Heap before GC invocations=18 (full 0):
 garbage-first heap   total 66560K, used 51672K [0x0000000084000000, 0x0000000100000000)
  region size 1024K, 23 young (23552K), 2 survivors (2048K)
 Metaspace       used 71095K, committed 71616K, reserved 1114112K
  class space    used 9680K, committed 9920K, reserved 1048576K
}
Event: 778.719 GC heap after
{Heap after GC invocations=19 (full 0):
 garbage-first heap   total 66560K, used 31805K [0x0000000084000000, 0x0000000100000000)
  region size 1024K, 3 young (3072K), 3 survivors (3072K)
 Metaspace       used 71095K, committed 71616K, reserved 1114112K
  class space    used 9680K, committed 9920K, reserved 1048576K
}
Event: 1075.982 GC heap before
{Heap before GC invocations=20 (full 0):
 garbage-first heap   total 66560K, used 51261K [0x0000000084000000, 0x0000000100000000)
  region size 1024K, 23 young (23552K), 3 survivors (3072K)
 Metaspace       used 72223K, committed 72768K, reserved 1114112K
  class space    used 9806K, committed 10048K, reserved 1048576K
}
Event: 1076.044 GC heap after
{Heap after GC invocations=21 (full 0):
 garbage-first heap   total 66560K, used 32399K [0x0000000084000000, 0x0000000100000000)
  region size 1024K, 2 young (2048K), 2 survivors (2048K)
 Metaspace       used 72223K, committed 72768K, reserved 1114112K
  class space    used 9806K, committed 10048K, reserved 1048576K
}
Event: 1374.407 GC heap before
{Heap before GC invocations=21 (full 0):
 garbage-first heap   total 66560K, used 51855K [0x0000000084000000, 0x0000000100000000)
  region size 1024K, 22 young (22528K), 2 survivors (2048K)
 Metaspace       used 72525K, committed 73088K, reserved 1114112K
  class space    used 9810K, committed 10048K, reserved 1048576K
}
Event: 1374.673 GC heap after
{Heap after GC invocations=22 (full 0):
 garbage-first heap   total 66560K, used 31734K [0x0000000084000000, 0x0000000100000000)
  region size 1024K, 1 young (1024K), 1 survivors (1024K)
 Metaspace       used 72525K, committed 73088K, reserved 1114112K
  class space    used 9810K, committed 10048K, reserved 1048576K
}
Event: 1605.135 GC heap before
{Heap before GC invocations=23 (full 0):
 garbage-first heap   total 66560K, used 53238K [0x0000000084000000, 0x0000000100000000)
  region size 1024K, 23 young (23552K), 1 survivors (1024K)
 Metaspace       used 72743K, committed 73344K, reserved 1114112K
  class space    used 9814K, committed 10048K, reserved 1048576K
}
Event: 1605.263 GC heap after
{Heap after GC invocations=24 (full 0):
 garbage-first heap   total 66560K, used 32351K [0x0000000084000000, 0x0000000100000000)
  region size 1024K, 2 young (2048K), 2 survivors (2048K)
 Metaspace       used 72743K, committed 73344K, reserved 1114112K
  class space    used 9814K, committed 10048K, reserved 1048576K
}
Event: 2176.340 GC heap before
{Heap before GC invocations=24 (full 0):
 garbage-first heap   total 66560K, used 52831K [0x0000000084000000, 0x0000000100000000)
  region size 1024K, 23 young (23552K), 2 survivors (2048K)
 Metaspace       used 73063K, committed 73664K, reserved 1114112K
  class space    used 9828K, committed 10112K, reserved 1048576K
}
Event: 2176.497 GC heap after
{Heap after GC invocations=25 (full 0):
 garbage-first heap   total 66560K, used 33522K [0x0000000084000000, 0x0000000100000000)
  region size 1024K, 3 young (3072K), 3 survivors (3072K)
 Metaspace       used 73063K, committed 73664K, reserved 1114112K
  class space    used 9828K, committed 10112K, reserved 1048576K
}
Event: 2389.859 GC heap before
{Heap before GC invocations=26 (full 0):
 garbage-first heap   total 66560K, used 52978K [0x0000000084000000, 0x0000000100000000)
  region size 1024K, 23 young (23552K), 3 survivors (3072K)
 Metaspace       used 72993K, committed 73728K, reserved 1114112K
  class space    used 9773K, committed 10112K, reserved 1048576K
}
Event: 2389.898 GC heap after
{Heap after GC invocations=27 (full 0):
 garbage-first heap   total 66560K, used 33097K [0x0000000084000000, 0x0000000100000000)
  region size 1024K, 1 young (1024K), 1 survivors (1024K)
 Metaspace       used 72993K, committed 73728K, reserved 1114112K
  class space    used 9773K, committed 10112K, reserved 1048576K
}
Event: 2390.858 GC heap before
{Heap before GC invocations=27 (full 0):
 garbage-first heap   total 66560K, used 34121K [0x0000000084000000, 0x0000000100000000)
  region size 1024K, 3 young (3072K), 1 survivors (1024K)
 Metaspace       used 73005K, committed 73728K, reserved 1114112K
  class space    used 9773K, committed 10112K, reserved 1048576K
}
Event: 2390.932 GC heap after
{Heap after GC invocations=28 (full 0):
 garbage-first heap   total 66560K, used 30022K [0x0000000084000000, 0x0000000100000000)
  region size 1024K, 1 young (1024K), 1 survivors (1024K)
 Metaspace       used 73005K, committed 73728K, reserved 1114112K
  class space    used 9773K, committed 10112K, reserved 1048576K
}

